#! /usr/bin/env bash
exec /home/vargas/miniconda3/envs/digital/bin/vvp -f "$0" "$@" <<'# EOF'
:ivl_version "13.0 (devel)" "(0_8-6859-gf50cc35d2-dirty)";
:ivl_delay_selection "TYPICAL";
:vpi_time_precision - 12;
:vpi_module "/home/vargas/miniconda3/envs/digital/lib/ivl/system.vpi";
:vpi_module "/home/vargas/miniconda3/envs/digital/lib/ivl/vhdl_sys.vpi";
:vpi_module "/home/vargas/miniconda3/envs/digital/lib/ivl/vhdl_textio.vpi";
:vpi_module "/home/vargas/miniconda3/envs/digital/lib/ivl/v2005_math.vpi";
:vpi_module "/home/vargas/miniconda3/envs/digital/lib/ivl/va_math.vpi";
S_0x41eb2f0 .scope module, "control_divi_TB" "control_divi_TB" 2 4;
 .timescale -9 -12;
P_0x41eb480 .param/l "PERIOD" 0 2 31, +C4<00000000000000000000000000010100>;
v0x4249030_0 .net "ADD_C", 0 0, v0x4217740_0;  1 drivers
v0x42490f0_0 .net "LD", 0 0, v0x4217930_0;  1 drivers
v0x4249190_0 .net "SH", 0 0, v0x4217c80_0;  1 drivers
v0x4249230_0 .net "SUB", 0 0, v0x4217fb0_0;  1 drivers
v0x42492d0_0 .var "Z_A", 0 0;
v0x4249370_0 .var "Z_B", 0 0;
v0x4249410_0 .var "clk", 0 0;
v0x42494b0_0 .net "done", 0 0, v0x4248a90_0;  1 drivers
v0x4249580_0 .var "init", 0 0;
v0x4249650_0 .var "rst", 0 0;
E_0x422a1f0 .event posedge, v0x4218720_0;
S_0x4228ec0 .scope begin, "TEST_CASE" "TEST_CASE" 2 80, 2 80 0, S_0x41eb2f0;
 .timescale -9 -12;
S_0x42290a0 .scope module, "utt" "control_divi" 2 18, 3 1 0, S_0x41eb2f0;
 .timescale -9 -12;
    .port_info 0 /INPUT 1 "clk";
    .port_info 1 /INPUT 1 "rst";
    .port_info 2 /INPUT 1 "init";
    .port_info 3 /INPUT 1 "Z_A";
    .port_info 4 /INPUT 1 "Z_B";
    .port_info 5 /OUTPUT 1 "LD";
    .port_info 6 /OUTPUT 1 "SH";
    .port_info 7 /OUTPUT 1 "SUB";
    .port_info 8 /OUTPUT 1 "ADD_C";
    .port_info 9 /OUTPUT 1 "done";
P_0x4219c90 .param/l "CHECK" 0 3 16, C4<001>;
P_0x4219cd0 .param/l "CHECK_END" 0 3 19, C4<100>;
P_0x4219d10 .param/l "END_STATE" 0 3 20, C4<101>;
P_0x4219d50 .param/l "SHIFT" 0 3 18, C4<011>;
P_0x4219d90 .param/l "START" 0 3 15, C4<000>;
P_0x4219dd0 .param/l "SUBTRACT" 0 3 17, C4<010>;
v0x4217740_0 .var "ADD_C", 0 0;
v0x4217930_0 .var "LD", 0 0;
v0x4217c80_0 .var "SH", 0 0;
v0x4217fb0_0 .var "SUB", 0 0;
v0x42181c0_0 .net "Z_A", 0 0, v0x42492d0_0;  1 drivers
v0x4218530_0 .net "Z_B", 0 0, v0x4249370_0;  1 drivers
v0x4218720_0 .net "clk", 0 0, v0x4249410_0;  1 drivers
v0x4248a90_0 .var "done", 0 0;
v0x4248b50_0 .net "init", 0 0, v0x4249580_0;  1 drivers
v0x4248c10_0 .var "next_state", 2 0;
v0x4248cf0_0 .net "rst", 0 0, v0x4249650_0;  1 drivers
v0x4248db0_0 .var "state", 2 0;
E_0x420f070 .event anyedge, v0x4248db0_0;
E_0x42192c0 .event anyedge, v0x4248db0_0, v0x4248b50_0, v0x42181c0_0, v0x4218530_0;
E_0x4219300 .event posedge, v0x4248cf0_0, v0x4218720_0;
    .scope S_0x42290a0;
T_0 ;
    %wait E_0x4219300;
    %load/vec4 v0x4248cf0_0;
    %flag_set/vec4 8;
    %jmp/0xz  T_0.0, 8;
    %pushi/vec4 0, 0, 3;
    %assign/vec4 v0x4248db0_0, 0;
    %jmp T_0.1;
T_0.0 ;
    %load/vec4 v0x4248c10_0;
    %assign/vec4 v0x4248db0_0, 0;
T_0.1 ;
    %jmp T_0;
    .thread T_0;
    .scope S_0x42290a0;
T_1 ;
    %wait E_0x42192c0;
    %load/vec4 v0x4248db0_0;
    %store/vec4 v0x4248c10_0, 0, 3;
    %load/vec4 v0x4248db0_0;
    %dup/vec4;
    %pushi/vec4 0, 0, 3;
    %cmp/u;
    %jmp/1 T_1.0, 6;
    %dup/vec4;
    %pushi/vec4 1, 0, 3;
    %cmp/u;
    %jmp/1 T_1.1, 6;
    %dup/vec4;
    %pushi/vec4 2, 0, 3;
    %cmp/u;
    %jmp/1 T_1.2, 6;
    %dup/vec4;
    %pushi/vec4 3, 0, 3;
    %cmp/u;
    %jmp/1 T_1.3, 6;
    %dup/vec4;
    %pushi/vec4 4, 0, 3;
    %cmp/u;
    %jmp/1 T_1.4, 6;
    %dup/vec4;
    %pushi/vec4 5, 0, 3;
    %cmp/u;
    %jmp/1 T_1.5, 6;
    %pushi/vec4 0, 0, 3;
    %store/vec4 v0x4248c10_0, 0, 3;
    %jmp T_1.7;
T_1.0 ;
    %load/vec4 v0x4248b50_0;
    %flag_set/vec4 8;
    %jmp/0xz  T_1.8, 8;
    %pushi/vec4 1, 0, 3;
    %store/vec4 v0x4248c10_0, 0, 3;
T_1.8 ;
    %jmp T_1.7;
T_1.1 ;
    %load/vec4 v0x42181c0_0;
    %flag_set/vec4 8;
    %jmp/0xz  T_1.10, 8;
    %pushi/vec4 2, 0, 3;
    %store/vec4 v0x4248c10_0, 0, 3;
    %jmp T_1.11;
T_1.10 ;
    %pushi/vec4 3, 0, 3;
    %store/vec4 v0x4248c10_0, 0, 3;
T_1.11 ;
    %jmp T_1.7;
T_1.2 ;
    %pushi/vec4 3, 0, 3;
    %store/vec4 v0x4248c10_0, 0, 3;
    %jmp T_1.7;
T_1.3 ;
    %pushi/vec4 4, 0, 3;
    %store/vec4 v0x4248c10_0, 0, 3;
    %jmp T_1.7;
T_1.4 ;
    %load/vec4 v0x4218530_0;
    %flag_set/vec4 8;
    %jmp/0xz  T_1.12, 8;
    %pushi/vec4 5, 0, 3;
    %store/vec4 v0x4248c10_0, 0, 3;
    %jmp T_1.13;
T_1.12 ;
    %pushi/vec4 1, 0, 3;
    %store/vec4 v0x4248c10_0, 0, 3;
T_1.13 ;
    %jmp T_1.7;
T_1.5 ;
    %load/vec4 v0x4248b50_0;
    %nor/r;
    %flag_set/vec4 8;
    %jmp/0xz  T_1.14, 8;
    %pushi/vec4 0, 0, 3;
    %store/vec4 v0x4248c10_0, 0, 3;
T_1.14 ;
    %jmp T_1.7;
T_1.7 ;
    %pop/vec4 1;
    %jmp T_1;
    .thread T_1, $push;
    .scope S_0x42290a0;
T_2 ;
    %wait E_0x420f070;
    %pushi/vec4 0, 0, 1;
    %store/vec4 v0x4217930_0, 0, 1;
    %pushi/vec4 0, 0, 1;
    %store/vec4 v0x4217c80_0, 0, 1;
    %pushi/vec4 0, 0, 1;
    %store/vec4 v0x4217fb0_0, 0, 1;
    %pushi/vec4 0, 0, 1;
    %store/vec4 v0x4217740_0, 0, 1;
    %pushi/vec4 0, 0, 1;
    %store/vec4 v0x4248a90_0, 0, 1;
    %load/vec4 v0x4248db0_0;
    %dup/vec4;
    %pushi/vec4 0, 0, 3;
    %cmp/u;
    %jmp/1 T_2.0, 6;
    %dup/vec4;
    %pushi/vec4 1, 0, 3;
    %cmp/u;
    %jmp/1 T_2.1, 6;
    %dup/vec4;
    %pushi/vec4 2, 0, 3;
    %cmp/u;
    %jmp/1 T_2.2, 6;
    %dup/vec4;
    %pushi/vec4 3, 0, 3;
    %cmp/u;
    %jmp/1 T_2.3, 6;
    %dup/vec4;
    %pushi/vec4 4, 0, 3;
    %cmp/u;
    %jmp/1 T_2.4, 6;
    %dup/vec4;
    %pushi/vec4 5, 0, 3;
    %cmp/u;
    %jmp/1 T_2.5, 6;
    %jmp T_2.6;
T_2.0 ;
    %pushi/vec4 1, 0, 1;
    %store/vec4 v0x4217930_0, 0, 1;
    %jmp T_2.6;
T_2.1 ;
    %jmp T_2.6;
T_2.2 ;
    %pushi/vec4 1, 0, 1;
    %store/vec4 v0x4217fb0_0, 0, 1;
    %jmp T_2.6;
T_2.3 ;
    %pushi/vec4 1, 0, 1;
    %store/vec4 v0x4217c80_0, 0, 1;
    %pushi/vec4 1, 0, 1;
    %store/vec4 v0x4217740_0, 0, 1;
    %jmp T_2.6;
T_2.4 ;
    %jmp T_2.6;
T_2.5 ;
    %pushi/vec4 1, 0, 1;
    %store/vec4 v0x4248a90_0, 0, 1;
    %jmp T_2.6;
T_2.6 ;
    %pop/vec4 1;
    %jmp T_2;
    .thread T_2, $push;
    .scope S_0x41eb2f0;
T_3 ;
    %delay 10000, 0;
    %load/vec4 v0x4249410_0;
    %inv;
    %store/vec4 v0x4249410_0, 0, 1;
    %jmp T_3;
    .thread T_3;
    .scope S_0x41eb2f0;
T_4 ;
    %pushi/vec4 0, 0, 1;
    %store/vec4 v0x4249410_0, 0, 1;
    %pushi/vec4 1, 0, 1;
    %store/vec4 v0x4249650_0, 0, 1;
    %pushi/vec4 0, 0, 1;
    %store/vec4 v0x4249580_0, 0, 1;
    %pushi/vec4 0, 0, 1;
    %store/vec4 v0x42492d0_0, 0, 1;
    %pushi/vec4 0, 0, 1;
    %store/vec4 v0x4249370_0, 0, 1;
    %delay 30000, 0;
    %pushi/vec4 0, 0, 1;
    %store/vec4 v0x4249650_0, 0, 1;
    %wait E_0x422a1f0;
    %pushi/vec4 1, 0, 1;
    %store/vec4 v0x4249580_0, 0, 1;
    %wait E_0x422a1f0;
    %pushi/vec4 1, 0, 1;
    %store/vec4 v0x42492d0_0, 0, 1;
    %wait E_0x422a1f0;
    %wait E_0x422a1f0;
    %pushi/vec4 0, 0, 1;
    %store/vec4 v0x4249370_0, 0, 1;
    %wait E_0x422a1f0;
    %pushi/vec4 0, 0, 1;
    %store/vec4 v0x42492d0_0, 0, 1;
    %wait E_0x422a1f0;
    %wait E_0x422a1f0;
    %pushi/vec4 1, 0, 1;
    %store/vec4 v0x4249370_0, 0, 1;
    %wait E_0x422a1f0;
    %wait E_0x422a1f0;
    %pushi/vec4 0, 0, 1;
    %store/vec4 v0x4249580_0, 0, 1;
    %wait E_0x422a1f0;
    %delay 50000, 0;
    %vpi_call 2 77 "$finish" {0 0 0};
    %end;
    .thread T_4;
    .scope S_0x41eb2f0;
T_5 ;
    %fork t_1, S_0x4228ec0;
    %jmp t_0;
    .scope S_0x4228ec0;
t_1 ;
    %vpi_call 2 81 "$dumpfile", "control_divi_TB.vcd" {0 0 0};
    %vpi_call 2 82 "$dumpvars", 32'sb00000000000000000000000000000000, S_0x42290a0 {0 0 0};
    %delay 10000000, 0;
    %vpi_call 2 83 "$finish" {0 0 0};
    %end;
    .scope S_0x41eb2f0;
t_0 %join;
    %end;
    .thread T_5;
# The file index is used to find the file name in the following table.
:file_names 4;
    "N/A";
    "<interactive>";
    "control_divi_TB.v";
    "control_divi.v";
# EOF
